<?xml version="1.0" encoding="UTF-8"?>
<!-- Generated by org.testng.reporters.JUnitXMLReporter -->
<testsuite ignored="2" hostname="UMESH" failures="0" tests="1" name="Default test" time="3.561" errors="0" timestamp="2024-01-16T16:02:58 IST">
  <testcase classname="test.RegisterTest" name="registerUserAPI" time="3.512"/>
  <testcase classname="test.RegisterTest" name="getUserAPI" time="0.0">
    <ignored/>
  </testcase> <!-- getUserAPI -->
  <testcase classname="test.RegisterTest" name="addUserAPI" time="0.0">
    <ignored/>
  </testcase> <!-- addUserAPI -->
</testsuite> <!-- Default test -->
