<?xml version="1.0" encoding="UTF-8"?>
<testng-results ignored="0" total="3" passed="3" failed="0" skipped="0">
  <reporter-output>
  </reporter-output>
  <suite started-at="2024-01-16T16:11:27 IST" name="Suite" finished-at="2024-01-16T16:11:33 IST" duration-ms="5562">
    <groups>
      <group name="User API">
        <method signature="RegisterTest.addUserAPI()[pri:0, instance:test.RegisterTest@5e82df6a]" name="addUserAPI" class="test.RegisterTest"/>
        <method signature="RegisterTest.getUserAPI()[pri:0, instance:test.RegisterTest@5e82df6a]" name="getUserAPI" class="test.RegisterTest"/>
        <method signature="RegisterTest.registerUserAPI()[pri:0, instance:test.RegisterTest@5e82df6a]" name="registerUserAPI" class="test.RegisterTest"/>
      </group> <!-- User API -->
    </groups>
    <test started-at="2024-01-16T16:11:27 IST" name="Test" finished-at="2024-01-16T16:11:33 IST" duration-ms="5562">
      <class name="test.RegisterTest">
        <test-method signature="addUserAPI()[pri:0, instance:test.RegisterTest@5e82df6a]" started-at="2024-01-16T16:11:27 IST" name="addUserAPI" finished-at="2024-01-16T16:11:30 IST" duration-ms="3275" status="PASS">
          <reporter-output>
          </reporter-output>
        </test-method> <!-- addUserAPI -->
        <test-method signature="getUserAPI()[pri:0, instance:test.RegisterTest@5e82df6a]" started-at="2024-01-16T16:11:31 IST" name="getUserAPI" finished-at="2024-01-16T16:11:31 IST" duration-ms="218" status="PASS">
          <reporter-output>
          </reporter-output>
        </test-method> <!-- getUserAPI -->
        <test-method signature="registerUserAPI()[pri:0, instance:test.RegisterTest@5e82df6a]" started-at="2024-01-16T16:11:31 IST" name="registerUserAPI" finished-at="2024-01-16T16:11:33 IST" duration-ms="1297" status="PASS">
          <reporter-output>
          </reporter-output>
        </test-method> <!-- registerUserAPI -->
      </class> <!-- test.RegisterTest -->
    </test> <!-- Test -->
  </suite> <!-- Suite -->
</testng-results>
